[
    {
        "type": "paragraph",
        "answer": "Aayna Clinic costs vary significantly by service, with initial dermatologist consultations around \u20b91,500-\u20b92,000, while procedures like laser hair removal can start from \u20b99,500+, and specialized treatments like collagen therapy or peels range from \u20b91,800 to potentially thousands depending on sessions and area, requiring direct contact with the clinic for specific pricing."
    },
    {
        "type": "header",
        "answer": "Consultation Costs"
    },
    {
        "type": "unordered_list",
        "items": [
            {
                "type": "paragraph",
                "answer": "Dermatologist Consultation: Expect fees around \u20b91,500 - \u20b92,000 for initial visits, though this can go up based on expertise and location within Delhi."
            }
        ]
    },
    {
        "type": "header",
        "answer": "Treatment Costs (Examples)"
    },
    {
        "type": "unordered_list",
        "items": [
            {
                "type": "paragraph",
                "answer": "Laser Hair Removal: Starting around \u20b99,500 - \u20b910,000 for sessions."
            },
            {
                "type": "paragraph",
                "answer": "Chemical Peels: General costs in Delhi can range from \u20b91,800 to \u20b93,500."
            },
            {
                "type": "paragraph",
                "answer": "Laser Treatments (General): May range from \u20b93,000 to \u20b910,000+ per session."
            },
            {
                "type": "paragraph",
                "answer": "Collagen Therapy/Skin Rejuvenation: Often requires multiple sessions (4-6 recommended) for optimal results, with maintenance needed."
            }
        ]
    },
    {
        "type": "header",
        "answer": "Factors Influencing Price"
    },
    {
        "type": "unordered_list",
        "items": [
            {
                "type": "paragraph",
                "answer": "Service Type: Facials vs. Laser vs. Injectables."
            },
            {
                "type": "paragraph",
                "answer": "Number of Sessions: Many treatments are package-based."
            },
            {
                "type": "paragraph",
                "answer": "Area Treated: Larger areas cost more."
            },
            {
                "type": "paragraph",
                "answer": "Clinic Location: Different branches (Mehrauli, Khan Market) might have slight variations."
            }
        ]
    },
    {
        "type": "paragraph",
        "answer": "To get an exact quote for your needs, it's best to contact Aayna Clinic directly or check their official website for specific package deals or consultation fees."
    }
]